Unity Editor version:    2022.3.7f1 (b16b3b16c7a0)
Branch:                  2022.3/staging
Build type:              Release
Batch mode:              YES
macOS version:           Version 13.3.1 (a) (Build 22E772610a)
Darwin version:          22.4.0
Architecture:            x86_64
Running under Rosetta:   NO
Available memory:        8192 MB
Using pre-set license
Pro License: YES

COMMAND LINE ARGUMENTS:
/Applications/Unity/Hub/Editor/2022.3.7f1/Unity.app/Contents/MacOS/Unity
-adb2
-batchMode
-noUpm
-name
AssetImportWorker0
-projectPath
/Users/tecnologiasinteractivas/Documents/Practicante Juan E patiño/Ejemplos Practica JEPQ/unity/ninjaAdventure
-logFile
Logs/AssetImportWorker0.log
-srvPort
49529
Successfully changed project path to: /Users/tecnologiasinteractivas/Documents/Practicante Juan E patiño/Ejemplos Practica JEPQ/unity/ninjaAdventure
/Users/tecnologiasinteractivas/Documents/Practicante Juan E patiño/Ejemplos Practica JEPQ/unity/ninjaAdventure
[UnityMemory] Configuration Parameters - Can be set up in boot.config
    "memorysetup-bucket-allocator-granularity=16"
    "memorysetup-bucket-allocator-bucket-count=8"
    "memorysetup-bucket-allocator-block-size=33554432"
    "memorysetup-bucket-allocator-block-count=8"
    "memorysetup-main-allocator-block-size=16777216"
    "memorysetup-thread-allocator-block-size=16777216"
    "memorysetup-gfx-main-allocator-block-size=16777216"
    "memorysetup-gfx-thread-allocator-block-size=16777216"
    "memorysetup-cache-allocator-block-size=4194304"
    "memorysetup-typetree-allocator-block-size=2097152"
    "memorysetup-profiler-bucket-allocator-granularity=16"
    "memorysetup-profiler-bucket-allocator-bucket-count=8"
    "memorysetup-profiler-bucket-allocator-block-size=33554432"
    "memorysetup-profiler-bucket-allocator-block-count=8"
    "memorysetup-profiler-allocator-block-size=16777216"
    "memorysetup-profiler-editor-allocator-block-size=1048576"
    "memorysetup-temp-allocator-size-main=16777216"
    "memorysetup-job-temp-allocator-block-size=2097152"
    "memorysetup-job-temp-allocator-block-size-background=1048576"
    "memorysetup-job-temp-allocator-reduction-small-platforms=262144"
    "memorysetup-allocator-temp-initial-block-size-main=262144"
    "memorysetup-allocator-temp-initial-block-size-worker=262144"
    "memorysetup-temp-allocator-size-background-worker=32768"
    "memorysetup-temp-allocator-size-job-worker=262144"
    "memorysetup-temp-allocator-size-preload-manager=33554432"
    "memorysetup-temp-allocator-size-nav-mesh-worker=65536"
    "memorysetup-temp-allocator-size-audio-worker=65536"
    "memorysetup-temp-allocator-size-cloud-worker=32768"
    "memorysetup-temp-allocator-size-gi-baking-worker=262144"
    "memorysetup-temp-allocator-size-gfx=262144"
Player connection [140704341222208] Host "[IP] 172.16.40.150 [Port] 0 [Flags] 2 [Guid] 3443108040 [EditorId] 3443108040 [Version] 1048832 [Id] OSXEditor(0,PRACTI-INTERACTIVAS.local) [Debug] 1 [PackageName] OSXEditor [ProjectName] Editor" joined multi-casting on [225.0.0.222:54997]...

Player connection [140704341222208] Host "[IP] 172.16.40.150 [Port] 0 [Flags] 2 [Guid] 3443108040 [EditorId] 3443108040 [Version] 1048832 [Id] OSXEditor(0,PRACTI-INTERACTIVAS.local) [Debug] 1 [PackageName] OSXEditor [ProjectName] Editor" joined alternative multi-casting on [225.0.0.222:34997]...

Refreshing native plugins compatible for Editor in 301.16 ms, found 3 plugins.
Preloading 0 native plugins for Editor in 0.00 ms.
Initialize engine version: 2022.3.7f1 (b16b3b16c7a0)
[Subsystems] Discovering subsystems at path /Applications/Unity/Hub/Editor/2022.3.7f1/Unity.app/Contents/Resources/UnitySubsystems
[Subsystems] Discovering subsystems at path /Users/tecnologiasinteractivas/Documents/Practicante Juan E patiño/Ejemplos Practica JEPQ/unity/ninjaAdventure/Assets
GfxDevice: creating device client; threaded=0; jobified=0
Color LCD preferred device: Intel(R) Iris(TM) Plus Graphics 640 (low power)
Metal devices available: 1
0: Intel(R) Iris(TM) Plus Graphics 640 (low power)
Using device Intel(R) Iris(TM) Plus Graphics 640 (low power)
Initializing Metal device caps: Intel(R) Iris(TM) Plus Graphics 640
Initialize mono
Mono path[0] = '/Applications/Unity/Hub/Editor/2022.3.7f1/Unity.app/Contents/Managed'
Mono path[1] = '/Applications/Unity/Hub/Editor/2022.3.7f1/Unity.app/Contents/MonoBleedingEdge/lib/mono/unityjit-macos'
Mono config path = '/Applications/Unity/Hub/Editor/2022.3.7f1/Unity.app/Contents/MonoBleedingEdge/etc'
Using monoOptions --debugger-agent=transport=dt_socket,embedding=1,server=y,suspend=n,address=127.0.0.1:56020
Begin MonoManager ReloadAssembly
Registering precompiled unity dll's ...
Register platform support module: /Applications/Unity/Hub/Editor/2022.3.7f1/Unity.app/Contents/PlaybackEngines/MacStandaloneSupport/UnityEditor.OSXStandalone.Extensions.dll
Registered in 0.015945 seconds.
- Loaded All Assemblies, in  2.107 seconds
Native extension for OSXStandalone target not found
Mono: successfully reloaded assembly
- Finished resetting the current domain, in  0.588 seconds
Domain Reload Profiling: 2695ms
	BeginReloadAssembly (789ms)
		ExecutionOrderSort (0ms)
		DisableScriptedObjects (0ms)
		BackupInstance (0ms)
		ReleaseScriptingObjects (0ms)
		CreateAndSetChildDomain (1ms)
	RebuildCommonClasses (285ms)
	RebuildNativeTypeToScriptingClass (79ms)
	initialDomainReloadingComplete (257ms)
	LoadAllAssembliesAndSetupDomain (696ms)
		LoadAssemblies (797ms)
		RebuildTransferFunctionScriptingTraits (0ms)
		AnalyzeDomain (683ms)
			TypeCache.Refresh (674ms)
				TypeCache.ScanAssembly (633ms)
			ScanForSourceGeneratedMonoScriptInfo (1ms)
			ResolveRequiredComponents (2ms)
	FinalizeReload (589ms)
		ReleaseScriptCaches (0ms)
		RebuildScriptCaches (0ms)
		SetupLoadedEditorAssemblies (423ms)
			LogAssemblyErrors (0ms)
			InitializePlatformSupportModulesInManaged (15ms)
			SetLoadedEditorAssemblies (12ms)
			RefreshPlugins (0ms)
			BeforeProcessingInitializeOnLoad (4ms)
			ProcessInitializeOnLoadAttributes (279ms)
			ProcessInitializeOnLoadMethodAttributes (113ms)
			AfterProcessingInitializeOnLoad (0ms)
			EditorAssembliesLoaded (0ms)
		ExecutionOrderSort2 (0ms)
		AwakeInstancesAfterBackupRestoration (0ms)
========================================================================
Worker process is ready to serve import requests
Begin MonoManager ReloadAssembly
Symbol file LoadedFromMemory doesn't match image /Users/tecnologiasinteractivas/Documents/Practicante Juan E patiño/Ejemplos Practica JEPQ/unity/ninjaAdventure/Library/PackageCache/com.unity.visualscripting@1.8.0/Editor/VisualScripting.Core/Dependencies/YamlDotNet/Unity.VisualScripting.YamlDotNet.dll
Symbol file LoadedFromMemory doesn't match image /Users/tecnologiasinteractivas/Documents/Practicante Juan E patiño/Ejemplos Practica JEPQ/unity/ninjaAdventure/Library/PackageCache/com.unity.visualscripting@1.8.0/Editor/VisualScripting.Core/Dependencies/DotNetZip/Unity.VisualScripting.IonicZip.dll
- Loaded All Assemblies, in  3.983 seconds
Refreshing native plugins compatible for Editor in 65.34 ms, found 3 plugins.
Native extension for OSXStandalone target not found
Mono: successfully reloaded assembly
- Finished resetting the current domain, in  3.256 seconds
Domain Reload Profiling: 7244ms
	BeginReloadAssembly (842ms)
		ExecutionOrderSort (0ms)
		DisableScriptedObjects (17ms)
		BackupInstance (0ms)
		ReleaseScriptingObjects (0ms)
		CreateAndSetChildDomain (104ms)
	RebuildCommonClasses (75ms)
	RebuildNativeTypeToScriptingClass (36ms)
	initialDomainReloadingComplete (108ms)
	LoadAllAssembliesAndSetupDomain (2923ms)
		LoadAssemblies (2344ms)
		RebuildTransferFunctionScriptingTraits (0ms)
		AnalyzeDomain (1133ms)
			TypeCache.Refresh (1017ms)
				TypeCache.ScanAssembly (957ms)
			ScanForSourceGeneratedMonoScriptInfo (83ms)
			ResolveRequiredComponents (18ms)
	FinalizeReload (3261ms)
		ReleaseScriptCaches (0ms)
		RebuildScriptCaches (0ms)
		SetupLoadedEditorAssemblies (2282ms)
			LogAssemblyErrors (0ms)
			InitializePlatformSupportModulesInManaged (11ms)
			SetLoadedEditorAssemblies (16ms)
			RefreshPlugins (0ms)
			BeforeProcessingInitializeOnLoad (169ms)
			ProcessInitializeOnLoadAttributes (1882ms)
			ProcessInitializeOnLoadMethodAttributes (201ms)
			AfterProcessingInitializeOnLoad (3ms)
			EditorAssembliesLoaded (0ms)
		ExecutionOrderSort2 (0ms)
		AwakeInstancesAfterBackupRestoration (28ms)
Launching external process: /Applications/Unity/Hub/Editor/2022.3.7f1/Unity.app/Contents/Tools/UnityShaderCompiler
Launched and connected shader compiler UnityShaderCompiler after 0.62 seconds
Refreshing native plugins compatible for Editor in 26.19 ms, found 3 plugins.
Preloading 0 native plugins for Editor in 0.00 ms.
Unloading 4002 Unused Serialized files (Serialized files now loaded: 0)
Unloading 69 unused Assets / (198.5 KB). Loaded Objects now: 4459.
Memory consumption went from 139.7 MB to 139.5 MB.
Total: 4.912970 ms (FindLiveObjects: 0.366098 ms CreateObjectMapping: 0.310788 ms MarkObjects: 3.890755 ms  DeleteObjects: 0.343943 ms)

AssetImportParameters requested are different than current active one (requested -> active):
  custom:container-demuxer-ogg: 62fdf1f143b41e24485cea50d1cbac27 -> 
  custom:video-decoder-ogg-theora: a1e56fd34408186e4bbccfd4996cb3dc -> 
  custom:CustomObjectIndexerAttribute: 756ad292c208cfabdd7b50bc23989ffe -> 
  custom:container-demuxer-webm: 4f35f7cbe854078d1ac9338744f61a02 -> 
  custom:container-muxer-webm: aa71ff27fc2769a1b78a27578f13a17b -> 
  custom:video-decoder-webm-vp8: 9c59270c3fd7afecdb556c50c9e8de78 -> 
  custom:SearchIndexIgnoredProperties: e643bd26f0fe6173181afceb89e7c659 -> 
  custom:AudioImporter_EditorPlatform: 3918e3fc78b5a79bad01e8451be0beb8 -> 
  custom:framework-osx-AVFoundation: e770b220cccbd017edd2c1fefb359320 -> 
  custom:video-encoder-webm-vp8: eb34c28f22e8b96e1ab97ce403110664 -> 
  custom:audio-decoder-ogg-vorbis: bf7c407c2cedff20999df2af8eb42d56 -> 
  custom:audio-encoder-webm-vorbis: bf7c407c2cedff20999df2af8eb42d56 -> 
  custom:scripting/precompiled-assembly-types:Assembly-CSharp: 54b0c09c88ed9de0a20c243e4c43b8f6 -> 2dd6c926475547bde18b5b14a68f6e07
  custom:scripting/monoscript/fileName/EnemyDummy.cs:  -> 34193391b68420c0dce1250fbf1b94dc
========================================================================
Received Prepare
Begin MonoManager ReloadAssembly
Symbol file LoadedFromMemory doesn't match image /Users/tecnologiasinteractivas/Documents/Practicante Juan E patiño/Ejemplos Practica JEPQ/unity/ninjaAdventure/Library/PackageCache/com.unity.visualscripting@1.8.0/Editor/VisualScripting.Core/Dependencies/YamlDotNet/Unity.VisualScripting.YamlDotNet.dll
Symbol file LoadedFromMemory doesn't match image /Users/tecnologiasinteractivas/Documents/Practicante Juan E patiño/Ejemplos Practica JEPQ/unity/ninjaAdventure/Library/PackageCache/com.unity.visualscripting@1.8.0/Editor/VisualScripting.Core/Dependencies/DotNetZip/Unity.VisualScripting.IonicZip.dll
- Loaded All Assemblies, in  1.628 seconds
Refreshing native plugins compatible for Editor in 21.56 ms, found 3 plugins.
Native extension for OSXStandalone target not found
Mono: successfully reloaded assembly
- Finished resetting the current domain, in  4.223 seconds
Domain Reload Profiling: 5851ms
	BeginReloadAssembly (462ms)
		ExecutionOrderSort (0ms)
		DisableScriptedObjects (21ms)
		BackupInstance (0ms)
		ReleaseScriptingObjects (0ms)
		CreateAndSetChildDomain (92ms)
	RebuildCommonClasses (114ms)
	RebuildNativeTypeToScriptingClass (28ms)
	initialDomainReloadingComplete (55ms)
	LoadAllAssembliesAndSetupDomain (969ms)
		LoadAssemblies (1247ms)
		RebuildTransferFunctionScriptingTraits (0ms)
		AnalyzeDomain (31ms)
			TypeCache.Refresh (13ms)
				TypeCache.ScanAssembly (0ms)
			ScanForSourceGeneratedMonoScriptInfo (0ms)
			ResolveRequiredComponents (16ms)
	FinalizeReload (4224ms)
		ReleaseScriptCaches (0ms)
		RebuildScriptCaches (0ms)
		SetupLoadedEditorAssemblies (1001ms)
			LogAssemblyErrors (0ms)
			InitializePlatformSupportModulesInManaged (8ms)
			SetLoadedEditorAssemblies (14ms)
			RefreshPlugins (0ms)
			BeforeProcessingInitializeOnLoad (182ms)
			ProcessInitializeOnLoadAttributes (740ms)
			ProcessInitializeOnLoadMethodAttributes (54ms)
			AfterProcessingInitializeOnLoad (3ms)
			EditorAssembliesLoaded (0ms)
		ExecutionOrderSort2 (0ms)
		AwakeInstancesAfterBackupRestoration (16ms)
Refreshing native plugins compatible for Editor in 20.75 ms, found 3 plugins.
Preloading 0 native plugins for Editor in 0.00 ms.
Unloading 3997 Unused Serialized files (Serialized files now loaded: 0)
Unloading 41 unused Assets / (176.7 KB). Loaded Objects now: 4464.
Memory consumption went from 142.4 MB to 142.3 MB.
Total: 4.859118 ms (FindLiveObjects: 0.632395 ms CreateObjectMapping: 0.345633 ms MarkObjects: 3.655124 ms  DeleteObjects: 0.224778 ms)

Prepare: number of updated asset objects reloaded= 0
AssetImportParameters requested are different than current active one (requested -> active):
  custom:container-demuxer-ogg: 62fdf1f143b41e24485cea50d1cbac27 -> 
  custom:video-decoder-ogg-theora: a1e56fd34408186e4bbccfd4996cb3dc -> 
  custom:CustomObjectIndexerAttribute: 756ad292c208cfabdd7b50bc23989ffe -> 
  custom:container-demuxer-webm: 4f35f7cbe854078d1ac9338744f61a02 -> 
  custom:container-muxer-webm: aa71ff27fc2769a1b78a27578f13a17b -> 
  custom:video-decoder-webm-vp8: 9c59270c3fd7afecdb556c50c9e8de78 -> 
  custom:SearchIndexIgnoredProperties: e643bd26f0fe6173181afceb89e7c659 -> 
  custom:AudioImporter_EditorPlatform: 3918e3fc78b5a79bad01e8451be0beb8 -> 
  custom:framework-osx-AVFoundation: e770b220cccbd017edd2c1fefb359320 -> 
  custom:video-encoder-webm-vp8: eb34c28f22e8b96e1ab97ce403110664 -> 
  custom:audio-decoder-ogg-vorbis: bf7c407c2cedff20999df2af8eb42d56 -> 
  custom:audio-encoder-webm-vorbis: bf7c407c2cedff20999df2af8eb42d56 -> 
========================================================================
Received Import Request.
  Time since last request: 1080.287652 seconds.
  path: Assets/Scripts/EnemyDummy.cs
  artifactKey: Guid(509dc5a91a265437f8770e8be6ea5f1a) Importer(815301076,1909f56bfc062723c751e8b465ee728b)
Start importing Assets/Scripts/EnemyDummy.cs using Guid(509dc5a91a265437f8770e8be6ea5f1a) Importer(815301076,1909f56bfc062723c751e8b465ee728b)  -> (artifact id: 'e754e93ce05bf38f29fd4a2d712667e5') in 0.006085 seconds
Number of updated asset objects reloaded before import = 0
Number of asset objects unloaded after import = 0
========================================================================
Received Import Request.
  Time since last request: 211.435166 seconds.
  path: Assets/NinjaAdventure/Actor/Monsters
  artifactKey: Guid(7a48b1899bc2b40388b2a87b78305bd9) Importer(815301076,1909f56bfc062723c751e8b465ee728b)
Start importing Assets/NinjaAdventure/Actor/Monsters using Guid(7a48b1899bc2b40388b2a87b78305bd9) Importer(815301076,1909f56bfc062723c751e8b465ee728b)  -> (artifact id: '2900ea17e761b60b76d6a7c9ad4bd7f1') in 0.008106 seconds
Number of updated asset objects reloaded before import = 0
Number of asset objects unloaded after import = 0
========================================================================
Received Import Request.
  Time since last request: 0.039047 seconds.
  path: Assets/NinjaAdventure/Actor/Monsters/Beast.png
  artifactKey: Guid(5d048f425efda46b989893264de691b8) Importer(815301076,1909f56bfc062723c751e8b465ee728b)
Start importing Assets/NinjaAdventure/Actor/Monsters/Beast.png using Guid(5d048f425efda46b989893264de691b8) Importer(815301076,1909f56bfc062723c751e8b465ee728b)  -> (artifact id: '5ce5a132f143d64dae07acedb6c87d73') in 0.436100 seconds
Number of updated asset objects reloaded before import = 0
Number of asset objects unloaded after import = 3
========================================================================
Received Import Request.
  Time since last request: 0.000216 seconds.
  path: Assets/NinjaAdventure/Actor/Monsters/Mole.png
  artifactKey: Guid(e022edaa7087a4f92923dcdf0c71c2c9) Importer(815301076,1909f56bfc062723c751e8b465ee728b)
Start importing Assets/NinjaAdventure/Actor/Monsters/Mole.png using Guid(e022edaa7087a4f92923dcdf0c71c2c9) Importer(815301076,1909f56bfc062723c751e8b465ee728b)  -> (artifact id: '4813e1bc5e878fdb8459f5313a2b8d47') in 0.019663 seconds
Number of updated asset objects reloaded before import = 0
Number of asset objects unloaded after import = 3
========================================================================
Received Import Request.
  Time since last request: 0.000714 seconds.
  path: Assets/NinjaAdventure/Actor/Monsters/Larva.png
  artifactKey: Guid(e5fb0648d9a974804b5456ebd522e23e) Importer(815301076,1909f56bfc062723c751e8b465ee728b)
Start importing Assets/NinjaAdventure/Actor/Monsters/Larva.png using Guid(e5fb0648d9a974804b5456ebd522e23e) Importer(815301076,1909f56bfc062723c751e8b465ee728b)  -> (artifact id: 'ab558d3ebcc2e022653062fcc1dae693') in 0.021411 seconds
Number of updated asset objects reloaded before import = 0
Number of asset objects unloaded after import = 3
========================================================================
Received Import Request.
  Time since last request: 0.000337 seconds.
  path: Assets/NinjaAdventure/Actor/Monsters/Lizard.png
  artifactKey: Guid(0615a9e1ac19f4c869bb82f6f90edc00) Importer(815301076,1909f56bfc062723c751e8b465ee728b)
Start importing Assets/NinjaAdventure/Actor/Monsters/Lizard.png using Guid(0615a9e1ac19f4c869bb82f6f90edc00) Importer(815301076,1909f56bfc062723c751e8b465ee728b)  -> (artifact id: '240432c680cabf78f475a65f07e90d48') in 0.018286 seconds
Number of updated asset objects reloaded before import = 0
Number of asset objects unloaded after import = 3
========================================================================
Received Import Request.
  Time since last request: 0.000325 seconds.
  path: Assets/NinjaAdventure/Actor/Monsters/Snake.png
  artifactKey: Guid(1063ce234559e4ed4a0f5e1ecebd292b) Importer(815301076,1909f56bfc062723c751e8b465ee728b)
Start importing Assets/NinjaAdventure/Actor/Monsters/Snake.png using Guid(1063ce234559e4ed4a0f5e1ecebd292b) Importer(815301076,1909f56bfc062723c751e8b465ee728b)  -> (artifact id: '4981cc158b1f7f6e3cb02da1458ee1d6') in 0.023442 seconds
Number of updated asset objects reloaded before import = 0
Number of asset objects unloaded after import = 3
========================================================================
Received Import Request.
  Time since last request: 0.000220 seconds.
  path: Assets/NinjaAdventure/Actor/Monsters/Eye.png
  artifactKey: Guid(1494e4ab04d194ff091f2007b99484c3) Importer(815301076,1909f56bfc062723c751e8b465ee728b)
Start importing Assets/NinjaAdventure/Actor/Monsters/Eye.png using Guid(1494e4ab04d194ff091f2007b99484c3) Importer(815301076,1909f56bfc062723c751e8b465ee728b)  -> (artifact id: '4bf5a0a5cb6f81ac5bc6047f333a4b22') in 0.021321 seconds
Number of updated asset objects reloaded before import = 0
Number of asset objects unloaded after import = 3
========================================================================
Received Import Request.
  Time since last request: 0.000161 seconds.
  path: Assets/NinjaAdventure/Actor/Monsters/Reptile.png
  artifactKey: Guid(baf52226efa1c460eba5ec95a76ca4f3) Importer(815301076,1909f56bfc062723c751e8b465ee728b)
Start importing Assets/NinjaAdventure/Actor/Monsters/Reptile.png using Guid(baf52226efa1c460eba5ec95a76ca4f3) Importer(815301076,1909f56bfc062723c751e8b465ee728b)  -> (artifact id: 'a73f1dc69a780d02b232b0b253be5a6d') in 0.022960 seconds
Number of updated asset objects reloaded before import = 0
Number of asset objects unloaded after import = 3
========================================================================
Received Import Request.
  Time since last request: 0.000231 seconds.
  path: Assets/NinjaAdventure/Actor/Monsters/Mollusc.png
  artifactKey: Guid(4982c2de9460f4faa8ca5f96f53cc614) Importer(815301076,1909f56bfc062723c751e8b465ee728b)
Start importing Assets/NinjaAdventure/Actor/Monsters/Mollusc.png using Guid(4982c2de9460f4faa8ca5f96f53cc614) Importer(815301076,1909f56bfc062723c751e8b465ee728b)  -> (artifact id: '884a839485fd70eb9573d889f73020ef') in 0.031869 seconds
Number of updated asset objects reloaded before import = 0
Number of asset objects unloaded after import = 3
========================================================================
Received Import Request.
  Time since last request: 0.000212 seconds.
  path: Assets/NinjaAdventure/Actor/Monsters/Slime.png
  artifactKey: Guid(d295073f20d864cb28dde5e255921b46) Importer(815301076,1909f56bfc062723c751e8b465ee728b)
Start importing Assets/NinjaAdventure/Actor/Monsters/Slime.png using Guid(d295073f20d864cb28dde5e255921b46) Importer(815301076,1909f56bfc062723c751e8b465ee728b)  -> (artifact id: '26cee276f772e7ecd60dfa1a7c25b2ae') in 0.044820 seconds
Number of updated asset objects reloaded before import = 0
Number of asset objects unloaded after import = 3
========================================================================
Received Import Request.
  Time since last request: 0.000101 seconds.
  path: Assets/NinjaAdventure/Actor/Monsters/Slime2.png
  artifactKey: Guid(8826682ea68c24533b2db74e71422b1b) Importer(815301076,1909f56bfc062723c751e8b465ee728b)
Start importing Assets/NinjaAdventure/Actor/Monsters/Slime2.png using Guid(8826682ea68c24533b2db74e71422b1b) Importer(815301076,1909f56bfc062723c751e8b465ee728b)  -> (artifact id: 'bd863b1ae65c839c8089e68a2c4b35fc') in 0.018049 seconds
Number of updated asset objects reloaded before import = 0
Number of asset objects unloaded after import = 3
========================================================================
Received Import Request.
  Time since last request: 0.000203 seconds.
  path: Assets/NinjaAdventure/Actor/Monsters/Snake2.png
  artifactKey: Guid(13480015a769043ccafbd926cc546150) Importer(815301076,1909f56bfc062723c751e8b465ee728b)
Start importing Assets/NinjaAdventure/Actor/Monsters/Snake2.png using Guid(13480015a769043ccafbd926cc546150) Importer(815301076,1909f56bfc062723c751e8b465ee728b)  -> (artifact id: '5a0d8e3da525d6b17fc02d9e53661519') in 0.043368 seconds
Number of updated asset objects reloaded before import = 0
Number of asset objects unloaded after import = 3
========================================================================
Received Import Request.
  Time since last request: 0.000442 seconds.
  path: Assets/NinjaAdventure/Actor/Monsters/mushroom.png
  artifactKey: Guid(a76af16d79ce745e4bd26754d53133a1) Importer(815301076,1909f56bfc062723c751e8b465ee728b)
Start importing Assets/NinjaAdventure/Actor/Monsters/mushroom.png using Guid(a76af16d79ce745e4bd26754d53133a1) Importer(815301076,1909f56bfc062723c751e8b465ee728b)  -> (artifact id: 'f9844d41f694597e339263b224d69c36') in 0.016842 seconds
Number of updated asset objects reloaded before import = 0
Number of asset objects unloaded after import = 3
========================================================================
Received Import Request.
  Time since last request: 0.000411 seconds.
  path: Assets/NinjaAdventure/Actor/Monsters/Owl.png
  artifactKey: Guid(cb375364a8c1c431a825e1b3276d9d7b) Importer(815301076,1909f56bfc062723c751e8b465ee728b)
Start importing Assets/NinjaAdventure/Actor/Monsters/Owl.png using Guid(cb375364a8c1c431a825e1b3276d9d7b) Importer(815301076,1909f56bfc062723c751e8b465ee728b)  -> (artifact id: '21695320930a0a87de4f8ffe1ff7630a') in 0.019799 seconds
Number of updated asset objects reloaded before import = 0
Number of asset objects unloaded after import = 3
========================================================================
Received Import Request.
  Time since last request: 29.726710 seconds.
  path: Assets/NinjaAdventure/Actor/Monsters/Axolot
  artifactKey: Guid(24991e96ab1084ba4b84e23b4b5104a2) Importer(815301076,1909f56bfc062723c751e8b465ee728b)
Start importing Assets/NinjaAdventure/Actor/Monsters/Axolot using Guid(24991e96ab1084ba4b84e23b4b5104a2) Importer(815301076,1909f56bfc062723c751e8b465ee728b)  -> (artifact id: 'afa859c5eb1664dde030967f4ed2dbe0') in 0.000627 seconds
Number of updated asset objects reloaded before import = 0
Number of asset objects unloaded after import = 0
========================================================================
Received Import Request.
  Time since last request: 0.042023 seconds.
  path: Assets/NinjaAdventure/Actor/Monsters/Axolot/Faceset.png
  artifactKey: Guid(731579fd8120a413ab23489426afe066) Importer(815301076,1909f56bfc062723c751e8b465ee728b)
Start importing Assets/NinjaAdventure/Actor/Monsters/Axolot/Faceset.png using Guid(731579fd8120a413ab23489426afe066) Importer(815301076,1909f56bfc062723c751e8b465ee728b)  -> (artifact id: '2135e333369b5814346778407d462ea8') in 0.015128 seconds
Number of updated asset objects reloaded before import = 0
Number of asset objects unloaded after import = 3
========================================================================
Received Import Request.
  Time since last request: 0.000284 seconds.
  path: Assets/NinjaAdventure/Actor/Monsters/Axolot/SpriteSheet.png
  artifactKey: Guid(c4fa538673a4541dcb0f1ebee8f116b1) Importer(815301076,1909f56bfc062723c751e8b465ee728b)
Start importing Assets/NinjaAdventure/Actor/Monsters/Axolot/SpriteSheet.png using Guid(c4fa538673a4541dcb0f1ebee8f116b1) Importer(815301076,1909f56bfc062723c751e8b465ee728b)  -> (artifact id: '608ccc54b86dca455ddc7ca1193118f5') in 0.017254 seconds
Number of updated asset objects reloaded before import = 0
Number of asset objects unloaded after import = 3
========================================================================
Received Import Request.
  Time since last request: 5.747735 seconds.
  path: Assets/NinjaAdventure/Actor/Monsters/AxolotBlue
  artifactKey: Guid(1bdb6ae239c2b4e4b8a7633fbb29099a) Importer(815301076,1909f56bfc062723c751e8b465ee728b)
Start importing Assets/NinjaAdventure/Actor/Monsters/AxolotBlue using Guid(1bdb6ae239c2b4e4b8a7633fbb29099a) Importer(815301076,1909f56bfc062723c751e8b465ee728b)  -> (artifact id: 'f903e6dae587ddf2642cca4ae6c7c1c9') in 0.000674 seconds
Number of updated asset objects reloaded before import = 0
Number of asset objects unloaded after import = 0
========================================================================
Received Import Request.
  Time since last request: 0.053951 seconds.
  path: Assets/NinjaAdventure/Actor/Monsters/AxolotBlue/Faceset.png
  artifactKey: Guid(d14402c9bb3e9431a9e64c50b8707f1e) Importer(815301076,1909f56bfc062723c751e8b465ee728b)
Start importing Assets/NinjaAdventure/Actor/Monsters/AxolotBlue/Faceset.png using Guid(d14402c9bb3e9431a9e64c50b8707f1e) Importer(815301076,1909f56bfc062723c751e8b465ee728b)  -> (artifact id: '95117289af0dda840d4d8dffb35afe81') in 0.015527 seconds
Number of updated asset objects reloaded before import = 0
Number of asset objects unloaded after import = 3
========================================================================
Received Import Request.
  Time since last request: 0.000149 seconds.
  path: Assets/NinjaAdventure/Actor/Monsters/AxolotBlue/SpriteSheet.png
  artifactKey: Guid(bb46ca857e4a0400b8aa2c7079e7441a) Importer(815301076,1909f56bfc062723c751e8b465ee728b)
Start importing Assets/NinjaAdventure/Actor/Monsters/AxolotBlue/SpriteSheet.png using Guid(bb46ca857e4a0400b8aa2c7079e7441a) Importer(815301076,1909f56bfc062723c751e8b465ee728b)  -> (artifact id: '8ef5c5c20989fe37781da74bb4c19e0c') in 0.019563 seconds
Number of updated asset objects reloaded before import = 0
Number of asset objects unloaded after import = 3
========================================================================
Received Import Request.
  Time since last request: 1.832285 seconds.
  path: Assets/NinjaAdventure/Actor/Monsters/Bamboo
  artifactKey: Guid(6dc103ec152814199bce2f66ae7ebd93) Importer(815301076,1909f56bfc062723c751e8b465ee728b)
Start importing Assets/NinjaAdventure/Actor/Monsters/Bamboo using Guid(6dc103ec152814199bce2f66ae7ebd93) Importer(815301076,1909f56bfc062723c751e8b465ee728b)  -> (artifact id: 'a6aafcef09a835afd8966dd9146f5c21') in 0.000730 seconds
Number of updated asset objects reloaded before import = 0
Number of asset objects unloaded after import = 0
========================================================================
Received Import Request.
  Time since last request: 0.068397 seconds.
  path: Assets/NinjaAdventure/Actor/Monsters/Bamboo/Faceset.png
  artifactKey: Guid(3eba6bae128494a41a43ccd0ab95b2a7) Importer(815301076,1909f56bfc062723c751e8b465ee728b)
Start importing Assets/NinjaAdventure/Actor/Monsters/Bamboo/Faceset.png using Guid(3eba6bae128494a41a43ccd0ab95b2a7) Importer(815301076,1909f56bfc062723c751e8b465ee728b)  -> (artifact id: '50c95cfe71f4e7aed599d828aa44cb3e') in 0.016923 seconds
Number of updated asset objects reloaded before import = 0
Number of asset objects unloaded after import = 3
========================================================================
Received Import Request.
  Time since last request: 0.000162 seconds.
  path: Assets/NinjaAdventure/Actor/Monsters/Bamboo/SpriteSheet.png
  artifactKey: Guid(6cc8fe40a662f4d8997e5c4838323543) Importer(815301076,1909f56bfc062723c751e8b465ee728b)
Start importing Assets/NinjaAdventure/Actor/Monsters/Bamboo/SpriteSheet.png using Guid(6cc8fe40a662f4d8997e5c4838323543) Importer(815301076,1909f56bfc062723c751e8b465ee728b)  -> (artifact id: '4481353aec31210ee10a54fb5190ca23') in 0.016506 seconds
Number of updated asset objects reloaded before import = 0
Number of asset objects unloaded after import = 3
========================================================================
Received Import Request.
  Time since last request: 1.292840 seconds.
  path: Assets/NinjaAdventure/Actor/Monsters/BambooYellow
  artifactKey: Guid(d595c61d52b4845cfa4c7f7c05e6cbbf) Importer(815301076,1909f56bfc062723c751e8b465ee728b)
Start importing Assets/NinjaAdventure/Actor/Monsters/BambooYellow using Guid(d595c61d52b4845cfa4c7f7c05e6cbbf) Importer(815301076,1909f56bfc062723c751e8b465ee728b)  -> (artifact id: '427b3a380ff92a047af95682937d194d') in 0.000609 seconds
Number of updated asset objects reloaded before import = 0
Number of asset objects unloaded after import = 0
========================================================================
Received Import Request.
  Time since last request: 0.070398 seconds.
  path: Assets/NinjaAdventure/Actor/Monsters/BambooYellow/Faceset.png
  artifactKey: Guid(80841c07375644d75af800fcc1d2cc57) Importer(815301076,1909f56bfc062723c751e8b465ee728b)
Start importing Assets/NinjaAdventure/Actor/Monsters/BambooYellow/Faceset.png using Guid(80841c07375644d75af800fcc1d2cc57) Importer(815301076,1909f56bfc062723c751e8b465ee728b)  -> (artifact id: '2d79df1136231d697108c2ec8be4673c') in 0.016958 seconds
Number of updated asset objects reloaded before import = 0
Number of asset objects unloaded after import = 3
========================================================================
Received Import Request.
  Time since last request: 0.000233 seconds.
  path: Assets/NinjaAdventure/Actor/Monsters/BambooYellow/SpriteSheet.png
  artifactKey: Guid(492b59cc5db7a42d3aa8390c539f06d4) Importer(815301076,1909f56bfc062723c751e8b465ee728b)
Start importing Assets/NinjaAdventure/Actor/Monsters/BambooYellow/SpriteSheet.png using Guid(492b59cc5db7a42d3aa8390c539f06d4) Importer(815301076,1909f56bfc062723c751e8b465ee728b)  -> (artifact id: 'ee79393483982474c98810f797177545') in 0.017552 seconds
Number of updated asset objects reloaded before import = 0
Number of asset objects unloaded after import = 3
========================================================================
Received Import Request.
  Time since last request: 2.201352 seconds.
  path: Assets/NinjaAdventure/Actor/Monsters/Butterfly
  artifactKey: Guid(22d59dce5cda64023af2cebcd7254ef0) Importer(815301076,1909f56bfc062723c751e8b465ee728b)
Start importing Assets/NinjaAdventure/Actor/Monsters/Butterfly using Guid(22d59dce5cda64023af2cebcd7254ef0) Importer(815301076,1909f56bfc062723c751e8b465ee728b)  -> (artifact id: '32c6c3a1a4ade0d5fe98e71ec5acc142') in 0.000676 seconds
Number of updated asset objects reloaded before import = 0
Number of asset objects unloaded after import = 0
========================================================================
Received Import Request.
  Time since last request: 0.068152 seconds.
  path: Assets/NinjaAdventure/Actor/Monsters/Butterfly/Faceset.png
  artifactKey: Guid(cc8311543e1c6426eb54a5f9f3fe44fa) Importer(815301076,1909f56bfc062723c751e8b465ee728b)
Start importing Assets/NinjaAdventure/Actor/Monsters/Butterfly/Faceset.png using Guid(cc8311543e1c6426eb54a5f9f3fe44fa) Importer(815301076,1909f56bfc062723c751e8b465ee728b)  -> (artifact id: '7a2121967020e6e08868a9baf47efde9') in 0.016468 seconds
Number of updated asset objects reloaded before import = 0
Number of asset objects unloaded after import = 3
========================================================================
Received Import Request.
  Time since last request: 0.000388 seconds.
  path: Assets/NinjaAdventure/Actor/Monsters/Butterfly/SpriteSheet.png
  artifactKey: Guid(394117b8f5172461ab1de493bd4e9efe) Importer(815301076,1909f56bfc062723c751e8b465ee728b)
Start importing Assets/NinjaAdventure/Actor/Monsters/Butterfly/SpriteSheet.png using Guid(394117b8f5172461ab1de493bd4e9efe) Importer(815301076,1909f56bfc062723c751e8b465ee728b)  -> (artifact id: 'cafa4efbaa041f7db6c8c4426361fbc9') in 0.016242 seconds
Number of updated asset objects reloaded before import = 0
Number of asset objects unloaded after import = 3
========================================================================
Received Import Request.
  Time since last request: 1.869867 seconds.
  path: Assets/NinjaAdventure/Actor/Monsters/ButterflyBlue
  artifactKey: Guid(17c5f5ce338cf47af8f989ba3350798b) Importer(815301076,1909f56bfc062723c751e8b465ee728b)
Start importing Assets/NinjaAdventure/Actor/Monsters/ButterflyBlue using Guid(17c5f5ce338cf47af8f989ba3350798b) Importer(815301076,1909f56bfc062723c751e8b465ee728b)  -> (artifact id: '3134a6f1f04f095bc7bec37fa4d2cd03') in 0.000649 seconds
Number of updated asset objects reloaded before import = 0
Number of asset objects unloaded after import = 0
========================================================================
Received Import Request.
  Time since last request: 0.080042 seconds.
  path: Assets/NinjaAdventure/Actor/Monsters/ButterflyBlue/Faceset.png
  artifactKey: Guid(f78c202553e06442b8202e55e8d54356) Importer(815301076,1909f56bfc062723c751e8b465ee728b)
Start importing Assets/NinjaAdventure/Actor/Monsters/ButterflyBlue/Faceset.png using Guid(f78c202553e06442b8202e55e8d54356) Importer(815301076,1909f56bfc062723c751e8b465ee728b)  -> (artifact id: '4b57ac9870222dc186ade1218c668f64') in 0.017005 seconds
Number of updated asset objects reloaded before import = 0
Number of asset objects unloaded after import = 3
========================================================================
Received Import Request.
  Time since last request: 0.000162 seconds.
  path: Assets/NinjaAdventure/Actor/Monsters/ButterflyBlue/SpriteSheet.png
  artifactKey: Guid(9fd5beca67d0a4540bc4ddcbb0b9916d) Importer(815301076,1909f56bfc062723c751e8b465ee728b)
Start importing Assets/NinjaAdventure/Actor/Monsters/ButterflyBlue/SpriteSheet.png using Guid(9fd5beca67d0a4540bc4ddcbb0b9916d) Importer(815301076,1909f56bfc062723c751e8b465ee728b)  -> (artifact id: '7654d9714241f9792036a59bd075892b') in 0.015857 seconds
Number of updated asset objects reloaded before import = 0
Number of asset objects unloaded after import = 3
========================================================================
Received Import Request.
  Time since last request: 2.149545 seconds.
  path: Assets/NinjaAdventure/Actor/Monsters/Cyclope2
  artifactKey: Guid(5468115241dc84179b03037aa36e3011) Importer(815301076,1909f56bfc062723c751e8b465ee728b)
Start importing Assets/NinjaAdventure/Actor/Monsters/Cyclope2 using Guid(5468115241dc84179b03037aa36e3011) Importer(815301076,1909f56bfc062723c751e8b465ee728b)  -> (artifact id: '1824c3501c5b6ecf3b0347d184048b84') in 0.000693 seconds
Number of updated asset objects reloaded before import = 0
Number of asset objects unloaded after import = 0
========================================================================
Received Import Request.
  Time since last request: 0.081356 seconds.
  path: Assets/NinjaAdventure/Actor/Monsters/Cyclope2/Faceset.png
  artifactKey: Guid(b3bf69fb5cefa47acbcbe1c14758d28b) Importer(815301076,1909f56bfc062723c751e8b465ee728b)
Start importing Assets/NinjaAdventure/Actor/Monsters/Cyclope2/Faceset.png using Guid(b3bf69fb5cefa47acbcbe1c14758d28b) Importer(815301076,1909f56bfc062723c751e8b465ee728b)  -> (artifact id: '01eb67df73b7052301791e90613a99c3') in 0.016249 seconds
Number of updated asset objects reloaded before import = 0
Number of asset objects unloaded after import = 3
========================================================================
Received Import Request.
  Time since last request: 0.000099 seconds.
  path: Assets/NinjaAdventure/Actor/Monsters/Cyclope2/SpriteSheet.png
  artifactKey: Guid(5fd35f4f418c34c81baef913352d068b) Importer(815301076,1909f56bfc062723c751e8b465ee728b)
Start importing Assets/NinjaAdventure/Actor/Monsters/Cyclope2/SpriteSheet.png using Guid(5fd35f4f418c34c81baef913352d068b) Importer(815301076,1909f56bfc062723c751e8b465ee728b)  -> (artifact id: 'f887493edebd447c05e2a85b28535a70') in 0.016581 seconds
Number of updated asset objects reloaded before import = 0
Number of asset objects unloaded after import = 3
========================================================================
Received Import Request.
  Time since last request: 7.438384 seconds.
  path: Assets/NinjaAdventure/Actor/Animals/Cat
  artifactKey: Guid(ec19aeeb5b81449b280ea05fb8dd6bd7) Importer(815301076,1909f56bfc062723c751e8b465ee728b)
Start importing Assets/NinjaAdventure/Actor/Animals/Cat using Guid(ec19aeeb5b81449b280ea05fb8dd6bd7) Importer(815301076,1909f56bfc062723c751e8b465ee728b)  -> (artifact id: '232ee214ecb2bb61e46cb9d80bcbc9f4') in 0.000586 seconds
Number of updated asset objects reloaded before import = 0
Number of asset objects unloaded after import = 0
========================================================================
Received Import Request.
  Time since last request: 0.087573 seconds.
  path: Assets/NinjaAdventure/Actor/Animals/Cat/Faceset.png
  artifactKey: Guid(0a8f1eaab62004d18be6f2b82cb4510d) Importer(815301076,1909f56bfc062723c751e8b465ee728b)
Start importing Assets/NinjaAdventure/Actor/Animals/Cat/Faceset.png using Guid(0a8f1eaab62004d18be6f2b82cb4510d) Importer(815301076,1909f56bfc062723c751e8b465ee728b)  -> (artifact id: 'c1b4ca25ff5cfc93495b9e6356ace51f') in 0.016291 seconds
Number of updated asset objects reloaded before import = 0
Number of asset objects unloaded after import = 3
========================================================================
Received Import Request.
  Time since last request: 0.000136 seconds.
  path: Assets/NinjaAdventure/Actor/Animals/Cat/SpriteSheet.png
  artifactKey: Guid(82e564727d5b347c5a2bb3940f7bc016) Importer(815301076,1909f56bfc062723c751e8b465ee728b)
Start importing Assets/NinjaAdventure/Actor/Animals/Cat/SpriteSheet.png using Guid(82e564727d5b347c5a2bb3940f7bc016) Importer(815301076,1909f56bfc062723c751e8b465ee728b)  -> (artifact id: 'f99bafc0b1b16e1a79c4974aa7156a4b') in 0.017071 seconds
Number of updated asset objects reloaded before import = 0
Number of asset objects unloaded after import = 3
========================================================================
Received Import Request.
  Time since last request: 1.849519 seconds.
  path: Assets/NinjaAdventure/Actor/Animals/Chicken
  artifactKey: Guid(7748a6695919149f8949a1ebaf7c96f8) Importer(815301076,1909f56bfc062723c751e8b465ee728b)
Start importing Assets/NinjaAdventure/Actor/Animals/Chicken using Guid(7748a6695919149f8949a1ebaf7c96f8) Importer(815301076,1909f56bfc062723c751e8b465ee728b)  -> (artifact id: '56a671cfe132809e402b878a96efaf7d') in 0.000490 seconds
Number of updated asset objects reloaded before import = 0
Number of asset objects unloaded after import = 0
========================================================================
Received Import Request.
  Time since last request: 0.059452 seconds.
  path: Assets/NinjaAdventure/Actor/Animals/Chicken/FacesetBlack.png
  artifactKey: Guid(81a1beb2c85e24ee2b7fa05c3f4b2fd3) Importer(815301076,1909f56bfc062723c751e8b465ee728b)
Start importing Assets/NinjaAdventure/Actor/Animals/Chicken/FacesetBlack.png using Guid(81a1beb2c85e24ee2b7fa05c3f4b2fd3) Importer(815301076,1909f56bfc062723c751e8b465ee728b)  -> (artifact id: 'e62c34b22fd733b75a3c52933224e6a4') in 0.012987 seconds
Number of updated asset objects reloaded before import = 0
Number of asset objects unloaded after import = 3
========================================================================
Received Import Request.
  Time since last request: 0.000114 seconds.
  path: Assets/NinjaAdventure/Actor/Animals/Chicken/FacesetBrown.png
  artifactKey: Guid(e77d6131813d34fbca3e090812255dda) Importer(815301076,1909f56bfc062723c751e8b465ee728b)
Start importing Assets/NinjaAdventure/Actor/Animals/Chicken/FacesetBrown.png using Guid(e77d6131813d34fbca3e090812255dda) Importer(815301076,1909f56bfc062723c751e8b465ee728b)  -> (artifact id: 'b879b70abe43999438a7c9c2305075aa') in 0.018031 seconds
Number of updated asset objects reloaded before import = 0
Number of asset objects unloaded after import = 3
========================================================================
Received Import Request.
  Time since last request: 0.000390 seconds.
  path: Assets/NinjaAdventure/Actor/Animals/Chicken/SpriteSheetBlack.png
  artifactKey: Guid(483d986e42d4b4b08a0f6a7f43386201) Importer(815301076,1909f56bfc062723c751e8b465ee728b)
Start importing Assets/NinjaAdventure/Actor/Animals/Chicken/SpriteSheetBlack.png using Guid(483d986e42d4b4b08a0f6a7f43386201) Importer(815301076,1909f56bfc062723c751e8b465ee728b)  -> (artifact id: '197c30370b95006204aa0133d85b8cf1') in 0.015558 seconds
Number of updated asset objects reloaded before import = 0
Number of asset objects unloaded after import = 3
========================================================================
Received Import Request.
  Time since last request: 0.000256 seconds.
  path: Assets/NinjaAdventure/Actor/Animals/Chicken/SpriteSheetWhite.png
  artifactKey: Guid(51e6fe021c9634e92a5b39cbbd704527) Importer(815301076,1909f56bfc062723c751e8b465ee728b)
Start importing Assets/NinjaAdventure/Actor/Animals/Chicken/SpriteSheetWhite.png using Guid(51e6fe021c9634e92a5b39cbbd704527) Importer(815301076,1909f56bfc062723c751e8b465ee728b)  -> (artifact id: '396a7e71b2deaa74ad47ef6a0589bc97') in 0.016938 seconds
Number of updated asset objects reloaded before import = 0
Number of asset objects unloaded after import = 3
========================================================================
Received Import Request.
  Time since last request: 0.000136 seconds.
  path: Assets/NinjaAdventure/Actor/Animals/Chicken/SpriteSheetCute.png
  artifactKey: Guid(cd08b0c6e735d45bbbddd09bc9df366c) Importer(815301076,1909f56bfc062723c751e8b465ee728b)
Start importing Assets/NinjaAdventure/Actor/Animals/Chicken/SpriteSheetCute.png using Guid(cd08b0c6e735d45bbbddd09bc9df366c) Importer(815301076,1909f56bfc062723c751e8b465ee728b)  -> (artifact id: '3b5bb07c25085d1351d892b9bd64a5d7') in 0.018315 seconds
Number of updated asset objects reloaded before import = 0
Number of asset objects unloaded after import = 3
========================================================================
Received Import Request.
  Time since last request: 0.000289 seconds.
  path: Assets/NinjaAdventure/Actor/Animals/Chicken/FacesetWhite.png
  artifactKey: Guid(a3b7d431c27694460a00857b9b98ca5e) Importer(815301076,1909f56bfc062723c751e8b465ee728b)
Start importing Assets/NinjaAdventure/Actor/Animals/Chicken/FacesetWhite.png using Guid(a3b7d431c27694460a00857b9b98ca5e) Importer(815301076,1909f56bfc062723c751e8b465ee728b)  -> (artifact id: 'f8e921ebd4feaaa5afe93979d0564b1e') in 0.018113 seconds
Number of updated asset objects reloaded before import = 0
Number of asset objects unloaded after import = 3
========================================================================
Received Import Request.
  Time since last request: 0.000411 seconds.
  path: Assets/NinjaAdventure/Actor/Animals/Chicken/SpriteSheetBrown.png
  artifactKey: Guid(ed834f83ae60644caa26c40304467195) Importer(815301076,1909f56bfc062723c751e8b465ee728b)
Start importing Assets/NinjaAdventure/Actor/Animals/Chicken/SpriteSheetBrown.png using Guid(ed834f83ae60644caa26c40304467195) Importer(815301076,1909f56bfc062723c751e8b465ee728b)  -> (artifact id: 'f744a116538af47c719d67d1df191a68') in 0.018892 seconds
Number of updated asset objects reloaded before import = 0
Number of asset objects unloaded after import = 3
========================================================================
Received Import Request.
  Time since last request: 0.001460 seconds.
  path: Assets/NinjaAdventure/Actor/Animals/Chicken/FacesetCute.png
  artifactKey: Guid(36f656c2cf1a440bd86c30c8271f3b8d) Importer(815301076,1909f56bfc062723c751e8b465ee728b)
Start importing Assets/NinjaAdventure/Actor/Animals/Chicken/FacesetCute.png using Guid(36f656c2cf1a440bd86c30c8271f3b8d) Importer(815301076,1909f56bfc062723c751e8b465ee728b)  -> (artifact id: '8b9db1c4b32aa3f5fff2a2887cd6f43a') in 0.018525 seconds
Number of updated asset objects reloaded before import = 0
Number of asset objects unloaded after import = 3
========================================================================
Received Import Request.
  Time since last request: 2.678118 seconds.
  path: Assets/NinjaAdventure/Actor/Animals/Cow
  artifactKey: Guid(ea78916a017aa4fdabd4f8f33b0beb92) Importer(815301076,1909f56bfc062723c751e8b465ee728b)
Start importing Assets/NinjaAdventure/Actor/Animals/Cow using Guid(ea78916a017aa4fdabd4f8f33b0beb92) Importer(815301076,1909f56bfc062723c751e8b465ee728b)  -> (artifact id: 'dd94c1b6c33d6826eb8c2670362b7e12') in 0.000566 seconds
Number of updated asset objects reloaded before import = 0
Number of asset objects unloaded after import = 0
========================================================================
Received Import Request.
  Time since last request: 1.190964 seconds.
  path: Assets/NinjaAdventure/Actor/Animals/Cow/Faceset.png
  artifactKey: Guid(6d00de86d34894735af1316681b15264) Importer(815301076,1909f56bfc062723c751e8b465ee728b)
Start importing Assets/NinjaAdventure/Actor/Animals/Cow/Faceset.png using Guid(6d00de86d34894735af1316681b15264) Importer(815301076,1909f56bfc062723c751e8b465ee728b)  -> (artifact id: '633b627178348b09af24d7854e1120d6') in 0.015107 seconds
Number of updated asset objects reloaded before import = 0
Number of asset objects unloaded after import = 3
========================================================================
Received Import Request.
  Time since last request: 0.000468 seconds.
  path: Assets/NinjaAdventure/Actor/Animals/Cow/SpriteSheetWhiteSide.png
  artifactKey: Guid(d381e9aebfcba4387a407a4b401a6968) Importer(815301076,1909f56bfc062723c751e8b465ee728b)
Start importing Assets/NinjaAdventure/Actor/Animals/Cow/SpriteSheetWhiteSide.png using Guid(d381e9aebfcba4387a407a4b401a6968) Importer(815301076,1909f56bfc062723c751e8b465ee728b)  -> (artifact id: 'c4071e51aa5705fb8031d903fbcaed29') in 0.015926 seconds
Number of updated asset objects reloaded before import = 0
Number of asset objects unloaded after import = 3
========================================================================
Received Import Request.
  Time since last request: 0.000136 seconds.
  path: Assets/NinjaAdventure/Actor/Animals/Cow/SpriteSheetWhite.png
  artifactKey: Guid(e4ca6eeecece046db92b08d056a23dfd) Importer(815301076,1909f56bfc062723c751e8b465ee728b)
Start importing Assets/NinjaAdventure/Actor/Animals/Cow/SpriteSheetWhite.png using Guid(e4ca6eeecece046db92b08d056a23dfd) Importer(815301076,1909f56bfc062723c751e8b465ee728b)  -> (artifact id: 'b6dc51aa2eb05eb5afea8cc16c93d4f7') in 0.014693 seconds
Number of updated asset objects reloaded before import = 0
Number of asset objects unloaded after import = 3
========================================================================
Received Import Request.
  Time since last request: 2.768301 seconds.
  path: Assets/NinjaAdventure/Actor/Animals/Dog
  artifactKey: Guid(99cf098df3a4c471e8acd1da7f489867) Importer(815301076,1909f56bfc062723c751e8b465ee728b)
Start importing Assets/NinjaAdventure/Actor/Animals/Dog using Guid(99cf098df3a4c471e8acd1da7f489867) Importer(815301076,1909f56bfc062723c751e8b465ee728b)  -> (artifact id: '5f4eca5bb1c9045521885441f27643b9') in 0.000580 seconds
Number of updated asset objects reloaded before import = 0
Number of asset objects unloaded after import = 0
========================================================================
Received Import Request.
  Time since last request: 0.068524 seconds.
  path: Assets/NinjaAdventure/Actor/Animals/Dog/Faceset.png
  artifactKey: Guid(20b2ce63625674f0dbd8acac28a7753f) Importer(815301076,1909f56bfc062723c751e8b465ee728b)
Start importing Assets/NinjaAdventure/Actor/Animals/Dog/Faceset.png using Guid(20b2ce63625674f0dbd8acac28a7753f) Importer(815301076,1909f56bfc062723c751e8b465ee728b)  -> (artifact id: '89b5573dbebf8a9315206d9ad7692c17') in 0.016066 seconds
Number of updated asset objects reloaded before import = 0
Number of asset objects unloaded after import = 3
========================================================================
Received Import Request.
  Time since last request: 0.000142 seconds.
  path: Assets/NinjaAdventure/Actor/Animals/Dog/SpriteSheet.png
  artifactKey: Guid(a875f600d3cb24c7ca7b52fbcec8ad75) Importer(815301076,1909f56bfc062723c751e8b465ee728b)
Start importing Assets/NinjaAdventure/Actor/Animals/Dog/SpriteSheet.png using Guid(a875f600d3cb24c7ca7b52fbcec8ad75) Importer(815301076,1909f56bfc062723c751e8b465ee728b)  -> (artifact id: '95f660eb4008f49d0fc753eabdd95c74') in 0.018692 seconds
Number of updated asset objects reloaded before import = 0
Number of asset objects unloaded after import = 3
========================================================================
Received Import Request.
  Time since last request: 4.403276 seconds.
  path: Assets/NinjaAdventure/Actor/Animals/Racoon
  artifactKey: Guid(9779964a012eb4a138f939d330542fa0) Importer(815301076,1909f56bfc062723c751e8b465ee728b)
Start importing Assets/NinjaAdventure/Actor/Animals/Racoon using Guid(9779964a012eb4a138f939d330542fa0) Importer(815301076,1909f56bfc062723c751e8b465ee728b)  -> (artifact id: '947504411cf50f743ad3dd57f5c4a674') in 0.000625 seconds
Number of updated asset objects reloaded before import = 0
Number of asset objects unloaded after import = 0
========================================================================
Received Import Request.
  Time since last request: 0.070564 seconds.
  path: Assets/NinjaAdventure/Actor/Animals/Racoon/Faceset.png
  artifactKey: Guid(6edf8aa01e02d4edeaf04334e629f039) Importer(815301076,1909f56bfc062723c751e8b465ee728b)
Start importing Assets/NinjaAdventure/Actor/Animals/Racoon/Faceset.png using Guid(6edf8aa01e02d4edeaf04334e629f039) Importer(815301076,1909f56bfc062723c751e8b465ee728b)  -> (artifact id: '6e5debc26054f222bb046aa7a167ac8f') in 0.014924 seconds
Number of updated asset objects reloaded before import = 0
Number of asset objects unloaded after import = 3
========================================================================
Received Import Request.
  Time since last request: 0.000140 seconds.
  path: Assets/NinjaAdventure/Actor/Animals/Racoon/SpriteSheet.png
  artifactKey: Guid(163f53e1978e84b1f9522c9a109910cf) Importer(815301076,1909f56bfc062723c751e8b465ee728b)
Start importing Assets/NinjaAdventure/Actor/Animals/Racoon/SpriteSheet.png using Guid(163f53e1978e84b1f9522c9a109910cf) Importer(815301076,1909f56bfc062723c751e8b465ee728b)  -> (artifact id: 'd65e667620ae076a4a0d9b23919bcbb4') in 0.014587 seconds
Number of updated asset objects reloaded before import = 0
Number of asset objects unloaded after import = 3
========================================================================
Received Import Request.
  Time since last request: 2.548439 seconds.
  path: Assets/NinjaAdventure/Actor/Animals/Pig
  artifactKey: Guid(222998ddcff574b1586d2a379aae3795) Importer(815301076,1909f56bfc062723c751e8b465ee728b)
Start importing Assets/NinjaAdventure/Actor/Animals/Pig using Guid(222998ddcff574b1586d2a379aae3795) Importer(815301076,1909f56bfc062723c751e8b465ee728b)  -> (artifact id: '3930bbd014b09e9c71a80c385fb84cad') in 0.000549 seconds
Number of updated asset objects reloaded before import = 0
Number of asset objects unloaded after import = 0
========================================================================
Received Import Request.
  Time since last request: 0.047000 seconds.
  path: Assets/NinjaAdventure/Actor/Animals/Pig/FacesetBlack.png
  artifactKey: Guid(cb495c8cc6b16489bb8dfeb61c327bfd) Importer(815301076,1909f56bfc062723c751e8b465ee728b)
Start importing Assets/NinjaAdventure/Actor/Animals/Pig/FacesetBlack.png using Guid(cb495c8cc6b16489bb8dfeb61c327bfd) Importer(815301076,1909f56bfc062723c751e8b465ee728b)  -> (artifact id: 'e3e2dfe96b5314c1f7fb526fe23e9847') in 0.012421 seconds
Number of updated asset objects reloaded before import = 0
Number of asset objects unloaded after import = 3
========================================================================
Received Import Request.
  Time since last request: 0.000083 seconds.
  path: Assets/NinjaAdventure/Actor/Animals/Pig/SpriteSheetPink.png
  artifactKey: Guid(eb6baff88d9f44ff38b0eb595828a4a3) Importer(815301076,1909f56bfc062723c751e8b465ee728b)
Start importing Assets/NinjaAdventure/Actor/Animals/Pig/SpriteSheetPink.png using Guid(eb6baff88d9f44ff38b0eb595828a4a3) Importer(815301076,1909f56bfc062723c751e8b465ee728b)  -> (artifact id: 'c5cad22c8c7715b5021e062bd04add35') in 0.014791 seconds
Number of updated asset objects reloaded before import = 0
Number of asset objects unloaded after import = 3
========================================================================
Received Import Request.
  Time since last request: 0.000150 seconds.
  path: Assets/NinjaAdventure/Actor/Animals/Pig/FacesetRed.png
  artifactKey: Guid(50e9f405f9ab4435c89972a0fb19cc4c) Importer(815301076,1909f56bfc062723c751e8b465ee728b)
Start importing Assets/NinjaAdventure/Actor/Animals/Pig/FacesetRed.png using Guid(50e9f405f9ab4435c89972a0fb19cc4c) Importer(815301076,1909f56bfc062723c751e8b465ee728b)  -> (artifact id: '8bce4ec9c724717efe412d5bd58cf2dd') in 0.021155 seconds
Number of updated asset objects reloaded before import = 0
Number of asset objects unloaded after import = 3
========================================================================
Received Import Request.
  Time since last request: 0.000263 seconds.
  path: Assets/NinjaAdventure/Actor/Animals/Pig/SpriteSheetRed.png
  artifactKey: Guid(a9c5abaeb8d7c4683bb556fde0efaf57) Importer(815301076,1909f56bfc062723c751e8b465ee728b)
Start importing Assets/NinjaAdventure/Actor/Animals/Pig/SpriteSheetRed.png using Guid(a9c5abaeb8d7c4683bb556fde0efaf57) Importer(815301076,1909f56bfc062723c751e8b465ee728b)  -> (artifact id: '9a93b62d74db43f040c8288f9fc7b39c') in 0.023239 seconds
Number of updated asset objects reloaded before import = 0
Number of asset objects unloaded after import = 3
========================================================================
Received Import Request.
  Time since last request: 0.000875 seconds.
  path: Assets/NinjaAdventure/Actor/Animals/Pig/FacesetPink.png
  artifactKey: Guid(061252941059b46c0b0e208f5179c708) Importer(815301076,1909f56bfc062723c751e8b465ee728b)
Start importing Assets/NinjaAdventure/Actor/Animals/Pig/FacesetPink.png using Guid(061252941059b46c0b0e208f5179c708) Importer(815301076,1909f56bfc062723c751e8b465ee728b)  -> (artifact id: '8414b3e0487ca2dcde8b145e95b204f8') in 0.033198 seconds
Number of updated asset objects reloaded before import = 0
Number of asset objects unloaded after import = 3
========================================================================
Received Import Request.
  Time since last request: 0.000296 seconds.
  path: Assets/NinjaAdventure/Actor/Animals/Pig/SpriteSheetBlack.png
  artifactKey: Guid(f1d6d9175cc0a41e581a387073c3aa84) Importer(815301076,1909f56bfc062723c751e8b465ee728b)
Start importing Assets/NinjaAdventure/Actor/Animals/Pig/SpriteSheetBlack.png using Guid(f1d6d9175cc0a41e581a387073c3aa84) Importer(815301076,1909f56bfc062723c751e8b465ee728b)  -> (artifact id: '50befad59eedbd1b80d1d8ec7c4c7a54') in 0.016282 seconds
Number of updated asset objects reloaded before import = 0
Number of asset objects unloaded after import = 3
========================================================================
Received Import Request.
  Time since last request: 117.535706 seconds.
  path: Assets/NinjaAdventure/Backgrounds/Tilesets/TilesetElement.png
  artifactKey: Guid(ac8175bfabe264e9981fed32f2ce6512) Importer(815301076,1909f56bfc062723c751e8b465ee728b)
Start importing Assets/NinjaAdventure/Backgrounds/Tilesets/TilesetElement.png using Guid(ac8175bfabe264e9981fed32f2ce6512) Importer(815301076,1909f56bfc062723c751e8b465ee728b)  -> (artifact id: '3f221362379dc9c10152d1ec23134ff9') in 0.725194 seconds
Number of updated asset objects reloaded before import = 0
Number of asset objects unloaded after import = 148
========================================================================
Received Prepare
Begin MonoManager ReloadAssembly
Symbol file LoadedFromMemory doesn't match image /Users/tecnologiasinteractivas/Documents/Practicante Juan E patiño/Ejemplos Practica JEPQ/unity/ninjaAdventure/Library/PackageCache/com.unity.visualscripting@1.8.0/Editor/VisualScripting.Core/Dependencies/YamlDotNet/Unity.VisualScripting.YamlDotNet.dll
Symbol file LoadedFromMemory doesn't match image /Users/tecnologiasinteractivas/Documents/Practicante Juan E patiño/Ejemplos Practica JEPQ/unity/ninjaAdventure/Library/PackageCache/com.unity.visualscripting@1.8.0/Editor/VisualScripting.Core/Dependencies/DotNetZip/Unity.VisualScripting.IonicZip.dll
- Loaded All Assemblies, in  1.525 seconds
Refreshing native plugins compatible for Editor in 11.22 ms, found 3 plugins.
Native extension for OSXStandalone target not found
Mono: successfully reloaded assembly
- Finished resetting the current domain, in  4.446 seconds
Domain Reload Profiling: 5972ms
	BeginReloadAssembly (392ms)
		ExecutionOrderSort (0ms)
		DisableScriptedObjects (24ms)
		BackupInstance (0ms)
		ReleaseScriptingObjects (0ms)
		CreateAndSetChildDomain (122ms)
	RebuildCommonClasses (57ms)
	RebuildNativeTypeToScriptingClass (15ms)
	initialDomainReloadingComplete (86ms)
	LoadAllAssembliesAndSetupDomain (975ms)
		LoadAssemblies (1104ms)
		RebuildTransferFunctionScriptingTraits (0ms)
		AnalyzeDomain (75ms)
			TypeCache.Refresh (48ms)
				TypeCache.ScanAssembly (0ms)
			ScanForSourceGeneratedMonoScriptInfo (18ms)
			ResolveRequiredComponents (8ms)
	FinalizeReload (4448ms)
		ReleaseScriptCaches (0ms)
		RebuildScriptCaches (0ms)
		SetupLoadedEditorAssemblies (1241ms)
			LogAssemblyErrors (0ms)
			InitializePlatformSupportModulesInManaged (10ms)
			SetLoadedEditorAssemblies (10ms)
			RefreshPlugins (0ms)
			BeforeProcessingInitializeOnLoad (133ms)
			ProcessInitializeOnLoadAttributes (995ms)
			ProcessInitializeOnLoadMethodAttributes (89ms)
			AfterProcessingInitializeOnLoad (4ms)
			EditorAssembliesLoaded (1ms)
		ExecutionOrderSort2 (0ms)
		AwakeInstancesAfterBackupRestoration (34ms)
Script error: OnTriggerEnter2D
This message parameter has to be of type: Collider2D
The message will be ignored.
Refreshing native plugins compatible for Editor in 23.82 ms, found 3 plugins.
Preloading 0 native plugins for Editor in 0.00 ms.
Unloading 3996 Unused Serialized files (Serialized files now loaded: 0)
Unloading 41 unused Assets / (176.4 KB). Loaded Objects now: 4482.
Memory consumption went from 149.2 MB to 149.0 MB.
Total: 9.917376 ms (FindLiveObjects: 0.479844 ms CreateObjectMapping: 0.444267 ms MarkObjects: 8.293970 ms  DeleteObjects: 0.697240 ms)

Prepare: number of updated asset objects reloaded= 0
AssetImportParameters requested are different than current active one (requested -> active):
  custom:container-demuxer-ogg: 62fdf1f143b41e24485cea50d1cbac27 -> 
  custom:video-decoder-ogg-theora: a1e56fd34408186e4bbccfd4996cb3dc -> 
  custom:CustomObjectIndexerAttribute: 756ad292c208cfabdd7b50bc23989ffe -> 
  custom:container-demuxer-webm: 4f35f7cbe854078d1ac9338744f61a02 -> 
  custom:container-muxer-webm: aa71ff27fc2769a1b78a27578f13a17b -> 
  custom:video-decoder-webm-vp8: 9c59270c3fd7afecdb556c50c9e8de78 -> 
  custom:SearchIndexIgnoredProperties: e643bd26f0fe6173181afceb89e7c659 -> 
  custom:AudioImporter_EditorPlatform: 3918e3fc78b5a79bad01e8451be0beb8 -> 
  custom:framework-osx-AVFoundation: e770b220cccbd017edd2c1fefb359320 -> 
  custom:video-encoder-webm-vp8: eb34c28f22e8b96e1ab97ce403110664 -> 
  custom:audio-decoder-ogg-vorbis: bf7c407c2cedff20999df2af8eb42d56 -> 
  custom:audio-encoder-webm-vorbis: bf7c407c2cedff20999df2af8eb42d56 -> 
========================================================================
Received Prepare
Begin MonoManager ReloadAssembly
Symbol file LoadedFromMemory doesn't match image /Users/tecnologiasinteractivas/Documents/Practicante Juan E patiño/Ejemplos Practica JEPQ/unity/ninjaAdventure/Library/PackageCache/com.unity.visualscripting@1.8.0/Editor/VisualScripting.Core/Dependencies/YamlDotNet/Unity.VisualScripting.YamlDotNet.dll
Symbol file LoadedFromMemory doesn't match image /Users/tecnologiasinteractivas/Documents/Practicante Juan E patiño/Ejemplos Practica JEPQ/unity/ninjaAdventure/Library/PackageCache/com.unity.visualscripting@1.8.0/Editor/VisualScripting.Core/Dependencies/DotNetZip/Unity.VisualScripting.IonicZip.dll
- Loaded All Assemblies, in  1.104 seconds
Refreshing native plugins compatible for Editor in 11.82 ms, found 3 plugins.
Native extension for OSXStandalone target not found
Mono: successfully reloaded assembly
- Finished resetting the current domain, in  2.829 seconds
Domain Reload Profiling: 3934ms
	BeginReloadAssembly (371ms)
		ExecutionOrderSort (0ms)
		DisableScriptedObjects (17ms)
		BackupInstance (0ms)
		ReleaseScriptingObjects (0ms)
		CreateAndSetChildDomain (160ms)
	RebuildCommonClasses (53ms)
	RebuildNativeTypeToScriptingClass (15ms)
	initialDomainReloadingComplete (37ms)
	LoadAllAssembliesAndSetupDomain (627ms)
		LoadAssemblies (742ms)
		RebuildTransferFunctionScriptingTraits (0ms)
		AnalyzeDomain (43ms)
			TypeCache.Refresh (17ms)
				TypeCache.ScanAssembly (0ms)
			ScanForSourceGeneratedMonoScriptInfo (16ms)
			ResolveRequiredComponents (8ms)
	FinalizeReload (2831ms)
		ReleaseScriptCaches (0ms)
		RebuildScriptCaches (0ms)
		SetupLoadedEditorAssemblies (855ms)
			LogAssemblyErrors (0ms)
			InitializePlatformSupportModulesInManaged (6ms)
			SetLoadedEditorAssemblies (6ms)
			RefreshPlugins (0ms)
			BeforeProcessingInitializeOnLoad (85ms)
			ProcessInitializeOnLoadAttributes (717ms)
			ProcessInitializeOnLoadMethodAttributes (40ms)
			AfterProcessingInitializeOnLoad (2ms)
			EditorAssembliesLoaded (0ms)
		ExecutionOrderSort2 (0ms)
		AwakeInstancesAfterBackupRestoration (12ms)
Refreshing native plugins compatible for Editor in 10.05 ms, found 3 plugins.
Preloading 0 native plugins for Editor in 0.00 ms.
Unloading 3997 Unused Serialized files (Serialized files now loaded: 0)
Unloading 41 unused Assets / (176.7 KB). Loaded Objects now: 4486.
Memory consumption went from 153.5 MB to 153.3 MB.
Total: 4.165468 ms (FindLiveObjects: 0.343383 ms CreateObjectMapping: 0.284709 ms MarkObjects: 3.318806 ms  DeleteObjects: 0.217251 ms)

Prepare: number of updated asset objects reloaded= 0
AssetImportParameters requested are different than current active one (requested -> active):
  custom:container-demuxer-ogg: 62fdf1f143b41e24485cea50d1cbac27 -> 
  custom:video-decoder-ogg-theora: a1e56fd34408186e4bbccfd4996cb3dc -> 
  custom:CustomObjectIndexerAttribute: 756ad292c208cfabdd7b50bc23989ffe -> 
  custom:container-demuxer-webm: 4f35f7cbe854078d1ac9338744f61a02 -> 
  custom:container-muxer-webm: aa71ff27fc2769a1b78a27578f13a17b -> 
  custom:video-decoder-webm-vp8: 9c59270c3fd7afecdb556c50c9e8de78 -> 
  custom:SearchIndexIgnoredProperties: e643bd26f0fe6173181afceb89e7c659 -> 
  custom:AudioImporter_EditorPlatform: 3918e3fc78b5a79bad01e8451be0beb8 -> 
  custom:framework-osx-AVFoundation: e770b220cccbd017edd2c1fefb359320 -> 
  custom:video-encoder-webm-vp8: eb34c28f22e8b96e1ab97ce403110664 -> 
  custom:audio-decoder-ogg-vorbis: bf7c407c2cedff20999df2af8eb42d56 -> 
  custom:audio-encoder-webm-vorbis: bf7c407c2cedff20999df2af8eb42d56 -> 
========================================================================
Received Prepare
Begin MonoManager ReloadAssembly
Symbol file LoadedFromMemory doesn't match image /Users/tecnologiasinteractivas/Documents/Practicante Juan E patiño/Ejemplos Practica JEPQ/unity/ninjaAdventure/Library/PackageCache/com.unity.visualscripting@1.8.0/Editor/VisualScripting.Core/Dependencies/YamlDotNet/Unity.VisualScripting.YamlDotNet.dll
Symbol file LoadedFromMemory doesn't match image /Users/tecnologiasinteractivas/Documents/Practicante Juan E patiño/Ejemplos Practica JEPQ/unity/ninjaAdventure/Library/PackageCache/com.unity.visualscripting@1.8.0/Editor/VisualScripting.Core/Dependencies/DotNetZip/Unity.VisualScripting.IonicZip.dll
- Loaded All Assemblies, in  0.925 seconds
Refreshing native plugins compatible for Editor in 10.30 ms, found 3 plugins.
Native extension for OSXStandalone target not found
Mono: successfully reloaded assembly
- Finished resetting the current domain, in  2.946 seconds
Domain Reload Profiling: 3871ms
	BeginReloadAssembly (278ms)
		ExecutionOrderSort (0ms)
		DisableScriptedObjects (17ms)
		BackupInstance (0ms)
		ReleaseScriptingObjects (0ms)
		CreateAndSetChildDomain (63ms)
	RebuildCommonClasses (50ms)
	RebuildNativeTypeToScriptingClass (15ms)
	initialDomainReloadingComplete (37ms)
	LoadAllAssembliesAndSetupDomain (544ms)
		LoadAssemblies (692ms)
		RebuildTransferFunctionScriptingTraits (0ms)
		AnalyzeDomain (17ms)
			TypeCache.Refresh (8ms)
				TypeCache.ScanAssembly (0ms)
			ScanForSourceGeneratedMonoScriptInfo (0ms)
			ResolveRequiredComponents (7ms)
	FinalizeReload (2947ms)
		ReleaseScriptCaches (0ms)
		RebuildScriptCaches (0ms)
		SetupLoadedEditorAssemblies (1138ms)
			LogAssemblyErrors (0ms)
			InitializePlatformSupportModulesInManaged (8ms)
			SetLoadedEditorAssemblies (9ms)
			RefreshPlugins (0ms)
			BeforeProcessingInitializeOnLoad (128ms)
			ProcessInitializeOnLoadAttributes (892ms)
			ProcessInitializeOnLoadMethodAttributes (98ms)
			AfterProcessingInitializeOnLoad (2ms)
			EditorAssembliesLoaded (0ms)
		ExecutionOrderSort2 (0ms)
		AwakeInstancesAfterBackupRestoration (20ms)
Refreshing native plugins compatible for Editor in 19.05 ms, found 3 plugins.
Preloading 0 native plugins for Editor in 0.00 ms.
Unloading 3997 Unused Serialized files (Serialized files now loaded: 0)
Unloading 41 unused Assets / (176.8 KB). Loaded Objects now: 4490.
Memory consumption went from 157.7 MB to 157.6 MB.
Total: 7.020160 ms (FindLiveObjects: 0.513799 ms CreateObjectMapping: 0.417439 ms MarkObjects: 5.762019 ms  DeleteObjects: 0.325442 ms)

Prepare: number of updated asset objects reloaded= 0
AssetImportParameters requested are different than current active one (requested -> active):
  custom:container-demuxer-ogg: 62fdf1f143b41e24485cea50d1cbac27 -> 
  custom:video-decoder-ogg-theora: a1e56fd34408186e4bbccfd4996cb3dc -> 
  custom:CustomObjectIndexerAttribute: 756ad292c208cfabdd7b50bc23989ffe -> 
  custom:container-demuxer-webm: 4f35f7cbe854078d1ac9338744f61a02 -> 
  custom:container-muxer-webm: aa71ff27fc2769a1b78a27578f13a17b -> 
  custom:video-decoder-webm-vp8: 9c59270c3fd7afecdb556c50c9e8de78 -> 
  custom:SearchIndexIgnoredProperties: e643bd26f0fe6173181afceb89e7c659 -> 
  custom:AudioImporter_EditorPlatform: 3918e3fc78b5a79bad01e8451be0beb8 -> 
  custom:framework-osx-AVFoundation: e770b220cccbd017edd2c1fefb359320 -> 
  custom:video-encoder-webm-vp8: eb34c28f22e8b96e1ab97ce403110664 -> 
  custom:audio-decoder-ogg-vorbis: bf7c407c2cedff20999df2af8eb42d56 -> 
  custom:audio-encoder-webm-vorbis: bf7c407c2cedff20999df2af8eb42d56 -> 
========================================================================
Received Prepare
Begin MonoManager ReloadAssembly
Symbol file LoadedFromMemory doesn't match image /Users/tecnologiasinteractivas/Documents/Practicante Juan E patiño/Ejemplos Practica JEPQ/unity/ninjaAdventure/Library/PackageCache/com.unity.visualscripting@1.8.0/Editor/VisualScripting.Core/Dependencies/YamlDotNet/Unity.VisualScripting.YamlDotNet.dll
Symbol file LoadedFromMemory doesn't match image /Users/tecnologiasinteractivas/Documents/Practicante Juan E patiño/Ejemplos Practica JEPQ/unity/ninjaAdventure/Library/PackageCache/com.unity.visualscripting@1.8.0/Editor/VisualScripting.Core/Dependencies/DotNetZip/Unity.VisualScripting.IonicZip.dll
- Loaded All Assemblies, in  1.171 seconds
Refreshing native plugins compatible for Editor in 8.86 ms, found 3 plugins.
Native extension for OSXStandalone target not found
Mono: successfully reloaded assembly
- Finished resetting the current domain, in  3.702 seconds
Domain Reload Profiling: 4873ms
	BeginReloadAssembly (299ms)
		ExecutionOrderSort (0ms)
		DisableScriptedObjects (17ms)
		BackupInstance (0ms)
		ReleaseScriptingObjects (0ms)
		CreateAndSetChildDomain (64ms)
	RebuildCommonClasses (53ms)
	RebuildNativeTypeToScriptingClass (16ms)
	initialDomainReloadingComplete (38ms)
	LoadAllAssembliesAndSetupDomain (764ms)
		LoadAssemblies (911ms)
		RebuildTransferFunctionScriptingTraits (0ms)
		AnalyzeDomain (33ms)
			TypeCache.Refresh (15ms)
				TypeCache.ScanAssembly (0ms)
			ScanForSourceGeneratedMonoScriptInfo (0ms)
			ResolveRequiredComponents (15ms)
	FinalizeReload (3703ms)
		ReleaseScriptCaches (0ms)
		RebuildScriptCaches (0ms)
		SetupLoadedEditorAssemblies (996ms)
			LogAssemblyErrors (0ms)
			InitializePlatformSupportModulesInManaged (9ms)
			SetLoadedEditorAssemblies (9ms)
			RefreshPlugins (0ms)
			BeforeProcessingInitializeOnLoad (117ms)
			ProcessInitializeOnLoadAttributes (795ms)
			ProcessInitializeOnLoadMethodAttributes (63ms)
			AfterProcessingInitializeOnLoad (2ms)
			EditorAssembliesLoaded (0ms)
		ExecutionOrderSort2 (0ms)
		AwakeInstancesAfterBackupRestoration (22ms)
Refreshing native plugins compatible for Editor in 19.14 ms, found 3 plugins.
Preloading 0 native plugins for Editor in 0.00 ms.
Unloading 3997 Unused Serialized files (Serialized files now loaded: 0)
Unloading 41 unused Assets / (176.8 KB). Loaded Objects now: 4494.
Memory consumption went from 162.0 MB to 161.8 MB.
Total: 7.810227 ms (FindLiveObjects: 0.461306 ms CreateObjectMapping: 0.449209 ms MarkObjects: 6.565367 ms  DeleteObjects: 0.333172 ms)

Prepare: number of updated asset objects reloaded= 0
AssetImportParameters requested are different than current active one (requested -> active):
  custom:container-demuxer-ogg: 62fdf1f143b41e24485cea50d1cbac27 -> 
  custom:video-decoder-ogg-theora: a1e56fd34408186e4bbccfd4996cb3dc -> 
  custom:CustomObjectIndexerAttribute: 756ad292c208cfabdd7b50bc23989ffe -> 
  custom:container-demuxer-webm: 4f35f7cbe854078d1ac9338744f61a02 -> 
  custom:container-muxer-webm: aa71ff27fc2769a1b78a27578f13a17b -> 
  custom:video-decoder-webm-vp8: 9c59270c3fd7afecdb556c50c9e8de78 -> 
  custom:SearchIndexIgnoredProperties: e643bd26f0fe6173181afceb89e7c659 -> 
  custom:AudioImporter_EditorPlatform: 3918e3fc78b5a79bad01e8451be0beb8 -> 
  custom:framework-osx-AVFoundation: e770b220cccbd017edd2c1fefb359320 -> 
  custom:video-encoder-webm-vp8: eb34c28f22e8b96e1ab97ce403110664 -> 
  custom:audio-decoder-ogg-vorbis: bf7c407c2cedff20999df2af8eb42d56 -> 
  custom:audio-encoder-webm-vorbis: bf7c407c2cedff20999df2af8eb42d56 -> 
TcpMessagingSession - receive error
AssetImportWorkerClient::OnTransportError - code=2 error=End of file
